{
  "RSpec": {
    "coverage": {
      "/home/hasasami/wepa/ratebeer/app/models/rating.rb": [
        1,
        1,
        1,
        null,
        1,
        null,
        1,
        10,
        null,
        null
      ],
      "/home/hasasami/wepa/ratebeer/app/helpers/application_helper.rb": [
        1,
        null
      ],
      "/home/hasasami/wepa/ratebeer/app/helpers/beer_clubs_helper.rb": [
        1,
        null
      ],
      "/home/hasasami/wepa/ratebeer/app/helpers/beers_helper.rb": [
        1,
        null
      ],
      "/home/hasasami/wepa/ratebeer/app/helpers/breweries_helper.rb": [
        1,
        null
      ],
      "/home/hasasami/wepa/ratebeer/app/helpers/memberships_helper.rb": [
        1,
        null
      ],
      "/home/hasasami/wepa/ratebeer/app/helpers/styles_helper.rb": [
        1,
        null
      ],
      "/home/hasasami/wepa/ratebeer/app/helpers/users_helper.rb": [
        1,
        null
      ],
      "/home/hasasami/wepa/ratebeer/app/models/beer.rb": [
        1,
        null,
        1,
        null,
        1,
        1,
        1,
        1,
        1,
        1,
        null,
        1,
        2,
        null,
        null,
        1,
        0,
        0,
        null,
        null
      ],
      "/home/hasasami/wepa/ratebeer/app/models/concerns/my_functions.rb": [
        1,
        null,
        1,
        null,
        1,
        7,
        null,
        null
      ],
      "/home/hasasami/wepa/ratebeer/app/models/brewery.rb": [
        1,
        null,
        1,
        null,
        1,
        1,
        1,
        1,
        null,
        1,
        0,
        0,
        0,
        null,
        null,
        1,
        0,
        0,
        null,
        null,
        1,
        33,
        0,
        null,
        null,
        null,
        1,
        9,
        null,
        null
      ],
      "/home/hasasami/wepa/ratebeer/app/models/style.rb": [
        1,
        1,
        null,
        1,
        4,
        null,
        null
      ],
      "/home/hasasami/wepa/ratebeer/app/models/user.rb": [
        1,
        null,
        1,
        null,
        1,
        null,
        1,
        1,
        null,
        1,
        1,
        1,
        1,
        null,
        1,
        3,
        2,
        null,
        null,
        1,
        18,
        null,
        null,
        1,
        18,
        null,
        null,
        1,
        12,
        null,
        12,
        12,
        12,
        18,
        18,
        14,
        14,
        null,
        null,
        null,
        12,
        null,
        null,
        1,
        18,
        18,
        24,
        null,
        18,
        null,
        null
      ],
      "/home/hasasami/wepa/ratebeer/app/controllers/styles_controller.rb": [
        1,
        1,
        null,
        null,
        null,
        1,
        1,
        null,
        null,
        null,
        null,
        1,
        null,
        null,
        null,
        1,
        0,
        null,
        null,
        null,
        1,
        null,
        null,
        null,
        null,
        1,
        0,
        null,
        0,
        0,
        0,
        0,
        null,
        0,
        0,
        null,
        null,
        null,
        null,
        null,
        null,
        1,
        0,
        0,
        0,
        0,
        null,
        0,
        0,
        null,
        null,
        null,
        null,
        null,
        null,
        1,
        0,
        0,
        0,
        0,
        null,
        null,
        null,
        1,
        null,
        1,
        0,
        null,
        null,
        null,
        1,
        0,
        null,
        null
      ],
      "/home/hasasami/wepa/ratebeer/app/controllers/application_controller.rb": [
        1,
        null,
        null,
        1,
        null,
        1,
        null,
        1,
        120,
        68,
        null,
        null,
        1,
        4,
        null,
        null
      ],
      "/home/hasasami/wepa/ratebeer/app/controllers/sessions_controller.rb": [
        1,
        1,
        null,
        null,
        null,
        1,
        null,
        null,
        7,
        7,
        6,
        6,
        null,
        1,
        null,
        null,
        null,
        1,
        null,
        null,
        0,
        null,
        0,
        null,
        null,
        null
      ],
      "/home/hasasami/wepa/ratebeer/app/controllers/users_controller.rb": [
        1,
        1,
        null,
        null,
        null,
        1,
        0,
        null,
        null,
        null,
        null,
        1,
        null,
        null,
        null,
        1,
        1,
        null,
        null,
        null,
        1,
        null,
        null,
        null,
        null,
        1,
        1,
        null,
        1,
        1,
        2,
        1,
        null,
        0,
        0,
        null,
        null,
        null,
        null,
        null,
        null,
        1,
        0,
        0,
        0,
        0,
        null,
        0,
        0,
        null,
        null,
        null,
        null,
        null,
        null,
        1,
        0,
        0,
        0,
        0,
        0,
        0,
        0,
        0,
        null,
        null,
        null,
        null,
        1,
        null,
        1,
        13,
        null,
        null,
        null,
        1,
        1,
        null,
        null
      ],
      "/home/hasasami/wepa/ratebeer/app/models/membership.rb": [
        1,
        1,
        1,
        null
      ],
      "/home/hasasami/wepa/ratebeer/app/models/beer_club.rb": [
        1,
        null,
        1,
        1,
        null,
        1,
        0,
        null,
        null,
        null
      ],
      "/home/hasasami/wepa/ratebeer/app/controllers/beers_controller.rb": [
        1,
        1,
        1,
        null,
        null,
        1,
        1,
        null,
        null,
        null,
        null,
        1,
        0,
        0,
        null,
        null,
        null,
        1,
        2,
        2,
        null,
        null,
        null,
        1,
        0,
        null,
        null,
        null,
        null,
        1,
        2,
        null,
        2,
        2,
        2,
        1,
        null,
        1,
        2,
        1,
        null,
        null,
        null,
        null,
        null,
        null,
        1,
        0,
        0,
        0,
        0,
        null,
        0,
        0,
        null,
        null,
        null,
        null,
        null,
        null,
        1,
        0,
        0,
        0,
        0,
        null,
        null,
        null,
        1,
        null,
        1,
        0,
        null,
        null,
        null,
        1,
        0,
        null,
        null,
        1,
        3,
        3,
        null,
        null
      ],
      "/home/hasasami/wepa/ratebeer/app/controllers/breweries_controller.rb": [
        1,
        1,
        1,
        null,
        null,
        null,
        null,
        1,
        3,
        null,
        null,
        null,
        null,
        1,
        null,
        null,
        null,
        1,
        0,
        null,
        null,
        null,
        1,
        null,
        null,
        null,
        null,
        1,
        0,
        null,
        0,
        0,
        0,
        0,
        null,
        0,
        0,
        null,
        null,
        null,
        null,
        null,
        null,
        1,
        0,
        0,
        0,
        0,
        null,
        0,
        0,
        null,
        null,
        null,
        null,
        null,
        null,
        1,
        0,
        0,
        0,
        0,
        null,
        null,
        null,
        1,
        null,
        1,
        1,
        null,
        null,
        null,
        1,
        0,
        null,
        null
      ],
      "/home/hasasami/wepa/ratebeer/lib/beermapping_api.rb": [
        1,
        1,
        5,
        9,
        null,
        null,
        1,
        4,
        4,
        4,
        null,
        4,
        null,
        3,
        3,
        11,
        null,
        null,
        null,
        1,
        4,
        4,
        null,
        null
      ],
      "/home/hasasami/wepa/ratebeer/app/models/place.rb": [
        1,
        1,
        5,
        null,
        null
      ],
      "/home/hasasami/wepa/ratebeer/app/controllers/places_controller.rb": [
        1,
        1,
        null,
        null,
        1,
        3,
        3,
        1,
        null,
        2,
        2,
        null,
        null,
        null,
        1,
        0,
        0,
        null,
        null
      ],
      "/home/hasasami/wepa/ratebeer/app/controllers/ratings_controller.rb": [
        1,
        1,
        1,
        null,
        null,
        1,
        1,
        1,
        null,
        null,
        1,
        1,
        null,
        1,
        0,
        1,
        1,
        1,
        null,
        0,
        0,
        null,
        null,
        null,
        1,
        1,
        1,
        1,
        null,
        null
      ],
      "/home/hasasami/wepa/ratebeer/app/controllers/memberships_controller.rb": [
        0,
        0,
        0,
        0,
        0,
        0,
        0,
        0,
        0,
        0,
        0,
        0,
        0,
        0,
        0,
        0,
        0,
        0,
        0,
        0,
        0,
        0,
        0,
        0,
        0,
        0,
        0,
        0,
        0,
        0,
        0,
        0,
        0,
        0,
        0,
        0,
        0,
        0,
        0,
        0,
        0,
        0,
        0,
        0,
        0,
        0,
        0,
        0,
        0,
        0,
        0,
        0,
        0,
        0,
        0,
        0,
        0,
        0,
        0,
        0,
        0,
        0,
        0,
        0,
        0,
        0,
        0,
        0,
        0,
        0,
        0,
        0,
        0
      ],
      "/home/hasasami/wepa/ratebeer/app/controllers/beer_clubs_controller.rb": [
        0,
        0,
        0,
        0,
        0,
        0,
        0,
        0,
        0,
        0,
        0,
        0,
        0,
        0,
        0,
        0,
        0,
        0,
        0,
        0,
        0,
        0,
        0,
        0,
        0,
        0,
        0,
        0,
        0,
        0,
        0,
        0,
        0,
        0,
        0,
        0,
        0,
        0,
        0,
        0,
        0,
        0,
        0,
        0,
        0,
        0,
        0,
        0,
        0,
        0,
        0,
        0,
        0,
        0,
        0,
        0,
        0,
        0,
        0,
        0,
        0,
        0,
        0,
        0,
        0,
        0,
        0,
        0,
        0,
        0,
        0,
        0,
        0,
        0,
        0,
        0,
        0,
        0,
        0,
        0,
        0,
        0,
        0,
        0,
        0,
        0,
        0
      ]
    },
    "timestamp": 1487450500
  }
}
